<?xml version="1.0" encoding="UTF-8"?>
<testng-results skipped="0" failed="0" ignored="0" total="1" passed="1">
  <reporter-output>
  </reporter-output>
  <suite name="Default suite" duration-ms="47" started-at="2017-09-07T14:03:30Z" finished-at="2017-09-07T14:03:30Z">
    <groups>
    </groups>
    <test name="Default test" duration-ms="47" started-at="2017-09-07T14:03:30Z" finished-at="2017-09-07T14:03:30Z">
      <class name="ClosestToZeroTest">
        <test-method status="PASS" signature="closestToZero1()[pri:0, instance:ClosestToZeroTest@7ac7a4e4]" name="closestToZero1" duration-ms="0" started-at="2017-09-07T16:03:30Z" finished-at="2017-09-07T16:03:30Z">
          <reporter-output>
          </reporter-output>
        </test-method> <!-- closestToZero1 -->
      </class> <!-- ClosestToZeroTest -->
    </test> <!-- Default test -->
  </suite> <!-- Default suite -->
</testng-results>
