<?xml version="1.0" encoding="UTF-8"?>
<testng-results skipped="0" failed="0" ignored="0" total="3" passed="3">
  <reporter-output>
  </reporter-output>
  <suite name="Default suite" duration-ms="47" started-at="2017-09-06T11:46:25Z" finished-at="2017-09-06T11:46:25Z">
    <groups>
    </groups>
    <test name="Default test" duration-ms="47" started-at="2017-09-06T11:46:25Z" finished-at="2017-09-06T11:46:25Z">
      <class name="CalculatorTest">
        <test-method status="PASS" signature="differenceTest()[pri:0, instance:CalculatorTest@7ac7a4e4]" name="differenceTest" duration-ms="16" started-at="2017-09-06T13:46:25Z" finished-at="2017-09-06T13:46:25Z">
          <reporter-output>
          </reporter-output>
        </test-method> <!-- differenceTest -->
        <test-method status="PASS" signature="multiplyTest()[pri:0, instance:CalculatorTest@7ac7a4e4]" name="multiplyTest" duration-ms="0" started-at="2017-09-06T13:46:25Z" finished-at="2017-09-06T13:46:25Z">
          <reporter-output>
          </reporter-output>
        </test-method> <!-- multiplyTest -->
        <test-method status="PASS" signature="squareTest()[pri:0, instance:CalculatorTest@7ac7a4e4]" name="squareTest" duration-ms="0" started-at="2017-09-06T13:46:25Z" finished-at="2017-09-06T13:46:25Z">
          <reporter-output>
          </reporter-output>
        </test-method> <!-- squareTest -->
      </class> <!-- CalculatorTest -->
    </test> <!-- Default test -->
  </suite> <!-- Default suite -->
</testng-results>
